<?xml version="1.0" encoding="UTF-8"?>
<testng-results skipped="0" failed="1" ignored="0" total="3" passed="2">
  <reporter-output>
  </reporter-output>
  <suite name="Default suite" duration-ms="312799" started-at="2022-02-11T02:50:27Z" finished-at="2022-02-11T02:55:40Z">
    <groups>
      <group name="cucumber">
        <method signature="AbstractTestNGCucumberTests.runScenario(io.cucumber.testng.PickleWrapper, io.cucumber.testng.FeatureWrapper)[pri:0, instance:info.testrunner.TestRunner@41e36e46]" name="runScenario" class="io.cucumber.testng.AbstractTestNGCucumberTests"/>
      </group> <!-- cucumber -->
    </groups>
    <test name="Default test" duration-ms="312799" started-at="2022-02-11T02:50:27Z" finished-at="2022-02-11T02:55:40Z">
      <class name="info.testrunner.TestRunner">
        <test-method status="PASS" signature="setUpClass()[pri:0, instance:info.testrunner.TestRunner@41e36e46]" name="setUpClass" is-config="true" duration-ms="403" started-at="2022-02-11T02:50:27Z" finished-at="2022-02-11T02:50:27Z">
          <reporter-output>
          </reporter-output>
        </test-method> <!-- setUpClass -->
        <test-method status="PASS" signature="runScenario(io.cucumber.testng.PickleWrapper, io.cucumber.testng.FeatureWrapper)[pri:0, instance:info.testrunner.TestRunner@41e36e46]" name="runScenario" duration-ms="168995" started-at="2022-02-11T02:50:27Z" description="Runs Cucumber Scenarios" data-provider="scenarios" finished-at="2022-02-11T02:53:16Z">
          <params>
            <param index="0">
              <value>
                <![CDATA["User clockin details review and update by individual screen"]]>
              </value>
            </param>
            <param index="1">
              <value>
                <![CDATA["Optional[User clockin details review and update by individual screen]"]]>
              </value>
            </param>
          </params>
          <reporter-output>
          </reporter-output>
        </test-method> <!-- runScenario -->
        <test-method status="FAIL" signature="runScenario(io.cucumber.testng.PickleWrapper, io.cucumber.testng.FeatureWrapper)[pri:0, instance:info.testrunner.TestRunner@41e36e46]" name="runScenario" duration-ms="47589" started-at="2022-02-11T02:53:17Z" description="Runs Cucumber Scenarios" data-provider="scenarios" finished-at="2022-02-11T02:54:04Z">
          <params>
            <param index="0">
              <value>
                <![CDATA["User doing Recalculate  Attendance"]]>
              </value>
            </param>
            <param index="1">
              <value>
                <![CDATA["Optional[User clockin details review and update by individual screen]"]]>
              </value>
            </param>
          </params>
          <exception class="java.lang.AssertionError">
            <message>
              <![CDATA[The following asserts failed:
expected [1:00] but found [2:00]]]>
            </message>
            <full-stacktrace>
              <![CDATA[java.lang.AssertionError: The following asserts failed:
expected [1:00] but found [2:00]
at org.testng.asserts.SoftAssert.assertAll(SoftAssert.java:43)
at info.stepdefinition.UpdateByIndividual.user_verify_the_changes_in_update_by_individual(UpdateByIndividual.java:707)
at âœ½.User verify the changes in update by individual "Update By Individual" and 0(file:///C:/Users/Sheik%20Mohammed/eclipse-workspace/info/src/test/resources/Features/UpdateByIndividual.feature:19)
]]>
            </full-stacktrace>
          </exception> <!-- java.lang.AssertionError -->
          <reporter-output>
          </reporter-output>
        </test-method> <!-- runScenario -->
        <test-method status="PASS" signature="runScenario(io.cucumber.testng.PickleWrapper, io.cucumber.testng.FeatureWrapper)[pri:0, instance:info.testrunner.TestRunner@41e36e46]" name="runScenario" duration-ms="95437" started-at="2022-02-11T02:54:04Z" description="Runs Cucumber Scenarios" data-provider="scenarios" finished-at="2022-02-11T02:55:40Z">
          <params>
            <param index="0">
              <value>
                <![CDATA["User changing the employee details and purge and reprocess"]]>
              </value>
            </param>
            <param index="1">
              <value>
                <![CDATA["Optional[User clockin details review and update by individual screen]"]]>
              </value>
            </param>
          </params>
          <reporter-output>
          </reporter-output>
        </test-method> <!-- runScenario -->
        <test-method status="PASS" signature="tearDownClass()[pri:0, instance:info.testrunner.TestRunner@41e36e46]" name="tearDownClass" is-config="true" duration-ms="218" started-at="2022-02-11T02:55:40Z" finished-at="2022-02-11T02:55:40Z">
          <reporter-output>
          </reporter-output>
        </test-method> <!-- tearDownClass -->
      </class> <!-- info.testrunner.TestRunner -->
    </test> <!-- Default test -->
  </suite> <!-- Default suite -->
</testng-results>
